<?xml version="1.0" encoding="UTF-8"?>
<!-- Generated by org.testng.reporters.JUnitXMLReporter -->
<testsuite hostname="vikas-PC" ignored="0" name="RoundTrip Flight booking Test" tests="1" failures="1" timestamp="07 Feb 2017 12:37:10 GMT" time="182.679" errors="0">
  <testcase name="bookRoundTrip" time="57.841" classname="gojek.automation.cleartrip.RoundTripBookingTest">
    <failure type="org.openqa.selenium.NoSuchElementException" message="An element could not be located on the page using the given search parameters. (WARNING: The server did not provide any stacktrace information)
Command duration or timeout: 9.14 seconds
For documentation on this error, please visit: http://seleniumhq.org/exceptions/no_such_element.html
Build info: version: &amp;apos;3.0.1&amp;apos;, revision: &amp;apos;1969d75&amp;apos;, time: &amp;apos;2016-10-18 09:49:13 -0700&amp;apos;
System info: host: &amp;apos;vikas-PC&amp;apos;, ip: &amp;apos;192.168.43.62&amp;apos;, os.name: &amp;apos;Windows 7&amp;apos;, os.arch: &amp;apos;x86&amp;apos;, os.version: &amp;apos;6.1&amp;apos;, java.version: &amp;apos;1.8.0_111&amp;apos;
Driver info: io.appium.java_client.android.AndroidDriver
Capabilities [{app=C:\Users\user\git\GoJek\gojek.automation.cleartrip\src\test\resources\cleartrip.apk, networkConnectionEnabled=true, warnings={}, databaseEnabled=false, deviceName=MPDQWW4161117007847, platform=LINUX, desired={app=C:\Users\user\git\GoJek\gojek.automation.cleartrip\src\test\resources\cleartrip.apk, platformVersion=Android, platformName=Android, deviceName=MPDQWW4161117007847}, platformVersion=6.0, webStorageEnabled=false, locationContextEnabled=false, browserName=Android, takesScreenshot=true, javascriptEnabled=true, platformName=Android}]
Session ID: 84e0c5cc-7c4d-4993-804a-3b67c88b00be
*** Element info: {Using=name, value=29}">
      <![CDATA[org.openqa.selenium.NoSuchElementException: An element could not be located on the page using the given search parameters. (WARNING: The server did not provide any stacktrace information)
Command duration or timeout: 9.14 seconds
For documentation on this error, please visit: http://seleniumhq.org/exceptions/no_such_element.html
Build info: version: '3.0.1', revision: '1969d75', time: '2016-10-18 09:49:13 -0700'
System info: host: 'vikas-PC', ip: '192.168.43.62', os.name: 'Windows 7', os.arch: 'x86', os.version: '6.1', java.version: '1.8.0_111'
Driver info: io.appium.java_client.android.AndroidDriver
Capabilities [{app=C:\Users\user\git\GoJek\gojek.automation.cleartrip\src\test\resources\cleartrip.apk, networkConnectionEnabled=true, warnings={}, databaseEnabled=false, deviceName=MPDQWW4161117007847, platform=LINUX, desired={app=C:\Users\user\git\GoJek\gojek.automation.cleartrip\src\test\resources\cleartrip.apk, platformVersion=Android, platformName=Android, deviceName=MPDQWW4161117007847}, platformVersion=6.0, webStorageEnabled=false, locationContextEnabled=false, browserName=Android, takesScreenshot=true, javascriptEnabled=true, platformName=Android}]
Session ID: 84e0c5cc-7c4d-4993-804a-3b67c88b00be
*** Element info: {Using=name, value=29}
	at org.openqa.selenium.remote.ErrorHandler.createThrowable(ErrorHandler.java:216)
	at org.openqa.selenium.remote.ErrorHandler.throwIfResponseFailed(ErrorHandler.java:168)
	at org.openqa.selenium.remote.RemoteWebDriver.execute(RemoteWebDriver.java:635)
	at io.appium.java_client.DefaultGenericMobileDriver.execute(DefaultGenericMobileDriver.java:40)
	at io.appium.java_client.AppiumDriver.execute(AppiumDriver.java:1)
	at io.appium.java_client.android.AndroidDriver.execute(AndroidDriver.java:1)
	at org.openqa.selenium.remote.RemoteWebDriver.findElement(RemoteWebDriver.java:368)
	at io.appium.java_client.DefaultGenericMobileDriver.findElement(DefaultGenericMobileDriver.java:56)
	at io.appium.java_client.AppiumDriver.findElement(AppiumDriver.java:1)
	at io.appium.java_client.android.AndroidDriver.findElement(AndroidDriver.java:1)
	at org.openqa.selenium.remote.RemoteWebDriver.findElementByName(RemoteWebDriver.java:449)
	at io.appium.java_client.DefaultGenericMobileDriver.findElementByName(DefaultGenericMobileDriver.java:104)
	at io.appium.java_client.AppiumDriver.findElementByName(AppiumDriver.java:1)
	at io.appium.java_client.android.AndroidDriver.findElementByName(AndroidDriver.java:1)
	at org.openqa.selenium.By$ByName.findElement(By.java:303)
	at org.openqa.selenium.remote.RemoteWebDriver.findElement(RemoteWebDriver.java:360)
	at io.appium.java_client.DefaultGenericMobileDriver.findElement(DefaultGenericMobileDriver.java:52)
	at io.appium.java_client.AppiumDriver.findElement(AppiumDriver.java:1)
	at io.appium.java_client.android.AndroidDriver.findElement(AndroidDriver.java:1)
	at gojek.automation.cleartrip.UtilityFuntions.tap(UtilityFuntions.java:38)
	at gojek.automation.cleartrip.RoundTripBookingTest.bookRoundTrip(RoundTripBookingTest.java:40)
... Removed 29 stack frames]]>
    </failure>
  </testcase> <!-- bookRoundTrip -->
</testsuite> <!-- RoundTrip Flight booking Test -->
