<?xml version="1.0" encoding="UTF-8"?>
<testng-results skipped="0" failed="0" ignored="0" total="1" passed="1">
  <reporter-output>
  </reporter-output>
  <suite name="ClearTrip roundTrip Flight booking Suite" duration-ms="280786" started-at="2017-01-26T21:43:14Z" finished-at="2017-01-26T21:47:55Z">
    <groups>
    </groups>
    <test name="RoundTrip Flight booking Test" duration-ms="280786" started-at="2017-01-26T21:43:14Z" finished-at="2017-01-26T21:47:55Z">
      <class name="gojek.automation.cleartrip.RoundTripBookingTest">
        <test-method status="PASS" signature="AppLaunched()[pri:0, instance:gojek.automation.cleartrip.RoundTripBookingTest@1ef45e3]" name="AppLaunched" is-config="true" duration-ms="82142" started-at="2017-01-27T03:13:14Z" finished-at="2017-01-27T03:14:36Z">
          <reporter-output>
          </reporter-output>
        </test-method> <!-- AppLaunched -->
        <test-method status="PASS" signature="bookRoundTrip()[pri:0, instance:gojek.automation.cleartrip.RoundTripBookingTest@1ef45e3]" name="bookRoundTrip" duration-ms="191067" started-at="2017-01-27T03:14:37Z" finished-at="2017-01-27T03:17:48Z">
          <reporter-output>
          </reporter-output>
        </test-method> <!-- bookRoundTrip -->
        <test-method status="PASS" signature="closeApp()[pri:0, instance:gojek.automation.cleartrip.RoundTripBookingTest@1ef45e3]" name="closeApp" is-config="true" duration-ms="7507" started-at="2017-01-27T03:17:48Z" finished-at="2017-01-27T03:17:55Z">
          <reporter-output>
          </reporter-output>
        </test-method> <!-- closeApp -->
      </class> <!-- gojek.automation.cleartrip.RoundTripBookingTest -->
    </test> <!-- RoundTrip Flight booking Test -->
  </suite> <!-- ClearTrip roundTrip Flight booking Suite -->
</testng-results>
