<?xml version="1.0" encoding="UTF-8"?>
<testng-results skipped="0" failed="1" ignored="0" total="1" passed="0">
  <reporter-output>
  </reporter-output>
  <suite name="ClearTrip roundTrip Flight booking Suite" duration-ms="182679" started-at="2017-02-07T12:34:07Z" finished-at="2017-02-07T12:37:09Z">
    <groups>
    </groups>
    <test name="RoundTrip Flight booking Test" duration-ms="182679" started-at="2017-02-07T12:34:07Z" finished-at="2017-02-07T12:37:09Z">
      <class name="gojek.automation.cleartrip.RoundTripBookingTest">
        <test-method status="PASS" signature="AppLaunched()[pri:0, instance:gojek.automation.cleartrip.RoundTripBookingTest@1ef45e3]" name="AppLaunched" is-config="true" duration-ms="116782" started-at="2017-02-07T18:04:07Z" finished-at="2017-02-07T18:06:03Z">
          <reporter-output>
          </reporter-output>
        </test-method> <!-- AppLaunched -->
        <test-method status="FAIL" signature="bookRoundTrip()[pri:0, instance:gojek.automation.cleartrip.RoundTripBookingTest@1ef45e3]" name="bookRoundTrip" duration-ms="57841" started-at="2017-02-07T18:06:03Z" finished-at="2017-02-07T18:07:01Z">
          <exception class="org.openqa.selenium.NoSuchElementException">
            <message>
              <![CDATA[An element could not be located on the page using the given search parameters. (WARNING: The server did not provide any stacktrace information)
Command duration or timeout: 9.14 seconds
For documentation on this error, please visit: http://seleniumhq.org/exceptions/no_such_element.html
Build info: version: '3.0.1', revision: '1969d75', time: '2016-10-18 09:49:13 -0700'
System info: host: 'vikas-PC', ip: '192.168.43.62', os.name: 'Windows 7', os.arch: 'x86', os.version: '6.1', java.version: '1.8.0_111'
Driver info: io.appium.java_client.android.AndroidDriver
Capabilities [{app=C:\Users\user\git\GoJek\gojek.automation.cleartrip\src\test\resources\cleartrip.apk, networkConnectionEnabled=true, warnings={}, databaseEnabled=false, deviceName=MPDQWW4161117007847, platform=LINUX, desired={app=C:\Users\user\git\GoJek\gojek.automation.cleartrip\src\test\resources\cleartrip.apk, platformVersion=Android, platformName=Android, deviceName=MPDQWW4161117007847}, platformVersion=6.0, webStorageEnabled=false, locationContextEnabled=false, browserName=Android, takesScreenshot=true, javascriptEnabled=true, platformName=Android}]
Session ID: 84e0c5cc-7c4d-4993-804a-3b67c88b00be
*** Element info: {Using=name, value=29}]]>
            </message>
            <full-stacktrace>
              <![CDATA[org.openqa.selenium.NoSuchElementException: An element could not be located on the page using the given search parameters. (WARNING: The server did not provide any stacktrace information)
Command duration or timeout: 9.14 seconds
For documentation on this error, please visit: http://seleniumhq.org/exceptions/no_such_element.html
Build info: version: '3.0.1', revision: '1969d75', time: '2016-10-18 09:49:13 -0700'
System info: host: 'vikas-PC', ip: '192.168.43.62', os.name: 'Windows 7', os.arch: 'x86', os.version: '6.1', java.version: '1.8.0_111'
Driver info: io.appium.java_client.android.AndroidDriver
Capabilities [{app=C:\Users\user\git\GoJek\gojek.automation.cleartrip\src\test\resources\cleartrip.apk, networkConnectionEnabled=true, warnings={}, databaseEnabled=false, deviceName=MPDQWW4161117007847, platform=LINUX, desired={app=C:\Users\user\git\GoJek\gojek.automation.cleartrip\src\test\resources\cleartrip.apk, platformVersion=Android, platformName=Android, deviceName=MPDQWW4161117007847}, platformVersion=6.0, webStorageEnabled=false, locationContextEnabled=false, browserName=Android, takesScreenshot=true, javascriptEnabled=true, platformName=Android}]
Session ID: 84e0c5cc-7c4d-4993-804a-3b67c88b00be
*** Element info: {Using=name, value=29}
	at sun.reflect.NativeConstructorAccessorImpl.newInstance0(Native Method)
	at sun.reflect.NativeConstructorAccessorImpl.newInstance(Unknown Source)
	at sun.reflect.DelegatingConstructorAccessorImpl.newInstance(Unknown Source)
	at java.lang.reflect.Constructor.newInstance(Unknown Source)
	at org.openqa.selenium.remote.ErrorHandler.createThrowable(ErrorHandler.java:216)
	at org.openqa.selenium.remote.ErrorHandler.throwIfResponseFailed(ErrorHandler.java:168)
	at org.openqa.selenium.remote.RemoteWebDriver.execute(RemoteWebDriver.java:635)
	at io.appium.java_client.DefaultGenericMobileDriver.execute(DefaultGenericMobileDriver.java:40)
	at io.appium.java_client.AppiumDriver.execute(AppiumDriver.java:1)
	at io.appium.java_client.android.AndroidDriver.execute(AndroidDriver.java:1)
	at org.openqa.selenium.remote.RemoteWebDriver.findElement(RemoteWebDriver.java:368)
	at io.appium.java_client.DefaultGenericMobileDriver.findElement(DefaultGenericMobileDriver.java:56)
	at io.appium.java_client.AppiumDriver.findElement(AppiumDriver.java:1)
	at io.appium.java_client.android.AndroidDriver.findElement(AndroidDriver.java:1)
	at org.openqa.selenium.remote.RemoteWebDriver.findElementByName(RemoteWebDriver.java:449)
	at io.appium.java_client.DefaultGenericMobileDriver.findElementByName(DefaultGenericMobileDriver.java:104)
	at io.appium.java_client.AppiumDriver.findElementByName(AppiumDriver.java:1)
	at io.appium.java_client.android.AndroidDriver.findElementByName(AndroidDriver.java:1)
	at org.openqa.selenium.By$ByName.findElement(By.java:303)
	at org.openqa.selenium.remote.RemoteWebDriver.findElement(RemoteWebDriver.java:360)
	at io.appium.java_client.DefaultGenericMobileDriver.findElement(DefaultGenericMobileDriver.java:52)
	at io.appium.java_client.AppiumDriver.findElement(AppiumDriver.java:1)
	at io.appium.java_client.android.AndroidDriver.findElement(AndroidDriver.java:1)
	at gojek.automation.cleartrip.UtilityFuntions.tap(UtilityFuntions.java:38)
	at gojek.automation.cleartrip.RoundTripBookingTest.bookRoundTrip(RoundTripBookingTest.java:40)
	at sun.reflect.NativeMethodAccessorImpl.invoke0(Native Method)
	at sun.reflect.NativeMethodAccessorImpl.invoke(Unknown Source)
	at sun.reflect.DelegatingMethodAccessorImpl.invoke(Unknown Source)
	at java.lang.reflect.Method.invoke(Unknown Source)
	at org.testng.internal.MethodInvocationHelper.invokeMethod(MethodInvocationHelper.java:104)
	at org.testng.internal.Invoker.invokeMethod(Invoker.java:645)
	at org.testng.internal.Invoker.invokeTestMethod(Invoker.java:851)
	at org.testng.internal.Invoker.invokeTestMethods(Invoker.java:1177)
	at org.testng.internal.TestMethodWorker.invokeTestMethods(TestMethodWorker.java:129)
	at org.testng.internal.TestMethodWorker.run(TestMethodWorker.java:112)
	at org.testng.TestRunner.privateRun(TestRunner.java:756)
	at org.testng.TestRunner.run(TestRunner.java:610)
	at org.testng.SuiteRunner.runTest(SuiteRunner.java:387)
	at org.testng.SuiteRunner.runSequentially(SuiteRunner.java:382)
	at org.testng.SuiteRunner.privateRun(SuiteRunner.java:340)
	at org.testng.SuiteRunner.run(SuiteRunner.java:289)
	at org.testng.SuiteRunnerWorker.runSuite(SuiteRunnerWorker.java:52)
	at org.testng.SuiteRunnerWorker.run(SuiteRunnerWorker.java:86)
	at org.testng.TestNG.runSuitesSequentially(TestNG.java:1293)
	at org.testng.TestNG.runSuitesLocally(TestNG.java:1218)
	at org.testng.TestNG.runSuites(TestNG.java:1133)
	at org.testng.TestNG.run(TestNG.java:1104)
	at org.testng.remote.AbstractRemoteTestNG.run(AbstractRemoteTestNG.java:132)
	at org.testng.remote.RemoteTestNG.initAndRun(RemoteTestNG.java:236)
	at org.testng.remote.RemoteTestNG.main(RemoteTestNG.java:81)
]]>
            </full-stacktrace>
          </exception> <!-- org.openqa.selenium.NoSuchElementException -->
          <reporter-output>
          </reporter-output>
        </test-method> <!-- bookRoundTrip -->
        <test-method status="PASS" signature="closeApp()[pri:0, instance:gojek.automation.cleartrip.RoundTripBookingTest@1ef45e3]" name="closeApp" is-config="true" duration-ms="7912" started-at="2017-02-07T18:07:01Z" finished-at="2017-02-07T18:07:09Z">
          <reporter-output>
          </reporter-output>
        </test-method> <!-- closeApp -->
      </class> <!-- gojek.automation.cleartrip.RoundTripBookingTest -->
    </test> <!-- RoundTrip Flight booking Test -->
  </suite> <!-- ClearTrip roundTrip Flight booking Suite -->
</testng-results>
